<?xml version="1.0" encoding="UTF-8"?>
<testsuite xmlns:xsi="http://www.w3.org/2001/XMLSchema-instance" xsi:noNamespaceSchemaLocation="https://maven.apache.org/surefire/maven-surefire-plugin/xsd/surefire-test-report.xsd" name="TestSuite" time="3.496" tests="13" errors="0" skipped="0" failures="0">
  <properties>
    <property name="java.runtime.name" value="OpenJDK Runtime Environment"/>
    <property name="sun.boot.library.path" value="C:\Users\gs_va\.jdks\corretto-1.8.0_302\jre\bin"/>
    <property name="java.vm.version" value="25.302-b08"/>
    <property name="java.vm.vendor" value="Amazon.com Inc."/>
    <property name="maven.multiModuleProjectDirectory" value="C:\Users\gs_va\OneDrive\Рабочий стол\ОБУЧЕНИЕ ТЕСТИРОВЩИК\selenium_allure_testng_jenkins"/>
    <property name="java.vendor.url" value="https://aws.amazon.com/corretto/"/>
    <property name="path.separator" value=";"/>
    <property name="guice.disable.misplaced.annotation.check" value="true"/>
    <property name="java.vm.name" value="OpenJDK 64-Bit Server VM"/>
    <property name="file.encoding.pkg" value="sun.io"/>
    <property name="user.script" value=""/>
    <property name="user.country" value="RU"/>
    <property name="sun.java.launcher" value="SUN_STANDARD"/>
    <property name="sun.os.patch.level" value=""/>
    <property name="java.vm.specification.name" value="Java Virtual Machine Specification"/>
    <property name="user.dir" value="C:\Users\gs_va\OneDrive\Рабочий стол\ОБУЧЕНИЕ ТЕСТИРОВЩИК\selenium_allure_testng_jenkins"/>
    <property name="java.runtime.version" value="1.8.0_302-b08"/>
    <property name="java.awt.graphicsenv" value="sun.awt.Win32GraphicsEnvironment"/>
    <property name="java.endorsed.dirs" value="C:\Users\gs_va\.jdks\corretto-1.8.0_302\jre\lib\endorsed"/>
    <property name="os.arch" value="amd64"/>
    <property name="java.io.tmpdir" value="C:\Users\gs_va\AppData\Local\Temp\"/>
    <property name="line.separator" value="&#10;"/>
    <property name="java.vm.specification.vendor" value="Oracle Corporation"/>
    <property name="user.variant" value=""/>
    <property name="os.name" value="Windows 10"/>
    <property name="classworlds.conf" value="C:\maven\bin\m2.conf"/>
    <property name="sun.jnu.encoding" value="Cp1251"/>
    <property name="java.library.path" value="C:\Users\gs_va\.jdks\corretto-1.8.0_302\bin;C:\Windows\Sun\Java\bin;C:\Windows\system32;C:\Windows;C:\Program Files\nodejs\;C:\Program Files\Git\cmd;C:\Users\gs_va\AppData\Local\Programs\Python\Python310\Scripts\;C:\Users\gs_va\AppData\Local\Programs\Python\Python310\;C:\Users\gs_va\AppData\Local\Programs\Python\Python311\Scripts\;C:\Users\gs_va\AppData\Local\Programs\Python\Python311\;C:\Program Files\MySQL\MySQL Shell 8.0\bin\;C:\Users\gs_va\AppData\Local\Microsoft\WindowsApps;C:\Program Files\Intel\WiFi\bin\;C:\Program Files\Common Files\Intel\WirelessCommon\;E:\IntelliJ IDEA 2021.2.1\bin;E:\IntelliJ IDEA Community Edition 2021.1.3\bin;E:\Fiddler;C:\maven\bin;C:\Users\gs_va\.jdks\corretto-1.8.0_302\bin;C:\Program Files\JetBrains\PyCharm Community Edition 2022.3.1\bin;C:\Windows\System32\WindowsPowerShell\v1.0;C:\Users\gs_va\AppData\Roaming\npm;."/>
    <property name="maven.conf" value="C:\maven/conf"/>
    <property name="java.specification.name" value="Java Platform API Specification"/>
    <property name="java.class.version" value="52.0"/>
    <property name="sun.management.compiler" value="HotSpot 64-Bit Tiered Compilers"/>
    <property name="os.version" value="10.0"/>
    <property name="library.jansi.path" value="C:\maven\lib\jansi-native"/>
    <property name="user.home" value="C:\Users\gs_va"/>
    <property name="user.timezone" value="Europe/Moscow"/>
    <property name="java.awt.printerjob" value="sun.awt.windows.WPrinterJob"/>
    <property name="java.specification.version" value="1.8"/>
    <property name="file.encoding" value="Cp1251"/>
    <property name="user.name" value="gs_va"/>
    <property name="java.class.path" value="C:\maven\boot\plexus-classworlds-2.6.0.jar"/>
    <property name="java.vm.specification.version" value="1.8"/>
    <property name="sun.arch.data.model" value="64"/>
    <property name="java.home" value="C:\Users\gs_va\.jdks\corretto-1.8.0_302\jre"/>
    <property name="sun.java.command" value="org.codehaus.plexus.classworlds.launcher.Launcher clean test"/>
    <property name="java.specification.vendor" value="Oracle Corporation"/>
    <property name="user.language" value="ru"/>
    <property name="awt.toolkit" value="sun.awt.windows.WToolkit"/>
    <property name="java.vm.info" value="mixed mode"/>
    <property name="java.version" value="1.8.0_302"/>
    <property name="java.ext.dirs" value="C:\Users\gs_va\.jdks\corretto-1.8.0_302\jre\lib\ext;C:\Windows\Sun\Java\lib\ext"/>
    <property name="sun.boot.class.path" value="C:\Users\gs_va\.jdks\corretto-1.8.0_302\jre\lib\resources.jar;C:\Users\gs_va\.jdks\corretto-1.8.0_302\jre\lib\rt.jar;C:\Users\gs_va\.jdks\corretto-1.8.0_302\jre\lib\sunrsasign.jar;C:\Users\gs_va\.jdks\corretto-1.8.0_302\jre\lib\jsse.jar;C:\Users\gs_va\.jdks\corretto-1.8.0_302\jre\lib\jce.jar;C:\Users\gs_va\.jdks\corretto-1.8.0_302\jre\lib\charsets.jar;C:\Users\gs_va\.jdks\corretto-1.8.0_302\jre\lib\jfr.jar;C:\Users\gs_va\.jdks\corretto-1.8.0_302\jre\classes"/>
    <property name="sun.stderr.encoding" value="cp866"/>
    <property name="java.vendor" value="Amazon.com Inc."/>
    <property name="maven.home" value="C:\maven"/>
    <property name="file.separator" value="\"/>
    <property name="java.vendor.url.bug" value="https://github.com/corretto/corretto-8/issues/"/>
    <property name="sun.cpu.endian" value="little"/>
    <property name="sun.io.unicode.encoding" value="UnicodeLittle"/>
    <property name="sun.stdout.encoding" value="cp866"/>
    <property name="sun.desktop" value="windows"/>
    <property name="sun.cpu.isalist" value="amd64"/>
  </properties>
  <testcase name="checkIsRedirectToListing" classname="tests.searchappartaments.SearchApartTest" time="0.077"/>
  <testcase name="testSoutConsole" classname="tests.searchappartaments.TestSOUT" time="0.003"/>
  <testcase name="testSoutConsole" classname="tests.searchappartaments.TestSOUT" time="0.001"/>
  <testcase name="testSoutConsole" classname="tests.searchappartaments.TestSOUT" time="0.001"/>
  <testcase name="testSoutConsole" classname="tests.searchappartaments.TestSOUT" time="0.001"/>
  <testcase name="testSoutConsole" classname="tests.searchappartaments.TestSOUT" time="0.001"/>
  <testcase name="testSoutConsole" classname="tests.searchappartaments.TestSOUT" time="0.001"/>
  <testcase name="testSoutConsole" classname="tests.searchappartaments.TestSOUT" time="0.001"/>
  <testcase name="testSoutConsole" classname="tests.searchappartaments.TestSOUT" time="0.001"/>
  <testcase name="testSoutConsole" classname="tests.searchappartaments.TestSOUT" time="0.001"/>
  <testcase name="testSoutConsole" classname="tests.searchappartaments.TestSOUT" time="0.002"/>
  <testcase name="testSoutConsole" classname="tests.searchappartaments.TestSOUT" time="0.001"/>
  <testcase name="testSoutConsole" classname="tests.searchappartaments.TestSOUT" time="0.001"/>
</testsuite>