<?xml version="1.0" encoding="UTF-8"?>
<!-- Generated by org.testng.reporters.JUnitReportReporter -->
<testsuite skipped="0" hostname="DESKTOP-25K6MM8" name="tests.searchappartaments.SearchApartTest" tests="1" failures="0" timestamp="01 янв 2023 21:10:11 GMT" time="185.590" errors="0">
  <testcase name="checkIsRedirectToListing" time="185.590" classname="tests.searchappartaments.SearchApartTest"/>
</testsuite> <!-- tests.searchappartaments.SearchApartTest -->
