<?xml version="1.0" encoding="UTF-8"?>
<!-- Generated by org.testng.reporters.JUnitReportReporter -->
<testsuite skipped="0" hostname="DESKTOP-25K6MM8" name="tests.searchappartaments.TestSOUT" tests="12" failures="0" timestamp="02 янв 2023 20:55:42 GMT" time="0.019" errors="0">
  <testcase name="testSoutConsole" time="0.001" classname="tests.searchappartaments.TestSOUT"/>
  <testcase name="testSoutConsole" time="0.002" classname="tests.searchappartaments.TestSOUT"/>
  <testcase name="testSoutConsole" time="0.002" classname="tests.searchappartaments.TestSOUT"/>
  <testcase name="testSoutConsole" time="0.003" classname="tests.searchappartaments.TestSOUT"/>
  <testcase name="testSoutConsole" time="0.001" classname="tests.searchappartaments.TestSOUT"/>
  <testcase name="testSoutConsole" time="0.001" classname="tests.searchappartaments.TestSOUT"/>
  <testcase name="testSoutConsole" time="0.001" classname="tests.searchappartaments.TestSOUT"/>
  <testcase name="testSoutConsole" time="0.001" classname="tests.searchappartaments.TestSOUT"/>
  <testcase name="testSoutConsole" time="0.002" classname="tests.searchappartaments.TestSOUT"/>
  <testcase name="testSoutConsole" time="0.001" classname="tests.searchappartaments.TestSOUT"/>
  <testcase name="testSoutConsole" time="0.002" classname="tests.searchappartaments.TestSOUT"/>
  <testcase name="testSoutConsole" time="0.002" classname="tests.searchappartaments.TestSOUT"/>
</testsuite> <!-- tests.searchappartaments.TestSOUT -->
