<?xml version="1.0" encoding="UTF-8"?>
<!-- Generated by org.testng.reporters.JUnitReportReporter -->
<testsuite skipped="0" hostname="DESKTOP-25K6MM8" name="tests.searchappartaments.SearchApartTest" tests="1" failures="0" timestamp="02 янв 2023 13:43:42 GMT" time="0.070" errors="0">
  <testcase name="checkIsRedirectToListing" time="0.070" classname="tests.searchappartaments.SearchApartTest"/>
</testsuite> <!-- tests.searchappartaments.SearchApartTest -->
